2016/04/22 02:52:37 [error] [exception.CDbException] exception 'CDbException' with message 'Active record "House" 正尝试选择一个无效的栏位 "count(id) id". 注意, 该栏位必须存在于 table 中或者是一个具别名的 expression.' in /var/www/mhtml/framework/db/ar/CActiveFinder.php:960
Stack trace:
#0 /var/www/mhtml/framework/db/ar/CActiveFinder.php(1261): CJoinElement->getColumnSelect('municipality,co...')
#1 /var/www/mhtml/framework/db/ar/CActiveFinder.php(433): CJoinQuery->__construct(Object(CJoinElement), Object(CDbCriteria))
#2 /var/www/mhtml/framework/db/ar/CActiveFinder.php(68): CJoinElement->find(Object(CDbCriteria))
#3 /var/www/mhtml/framework/yiilite.php(7817): CActiveFinder->query(Object(CDbCriteria), true)
#4 /var/www/mhtml/framework/yiilite.php(7881): CActiveRecord->query(Object(CDbCriteria), true)
#5 /var/www/mhtml/protected/controllers/MapController.php(179): CActiveRecord->findAll(Object(CDbCriteria))
#6 /var/www/mhtml/framework/yiilite.php(4058): MapController->actionGetMapHouse()
#7 /var/www/mhtml/framework/yiilite.php(3570): CInlineAction->runWithParams(Array)
#8 /var/www/mhtml/framework/yiilite.php(3555): CController->runAction(Object(CInlineAction))
#9 /var/www/mhtml/framework/yiilite.php(3545): CController->runActionWithFilters(Object(CInlineAction), Array)
#10 /var/www/mhtml/framework/yiilite.php(1746): CController->run('getMapHouse')
#11 /var/www/mhtml/framework/yiilite.php(1666): CWebApplication->runController('map/getMapHouse')
#12 /var/www/mhtml/framework/yiilite.php(1191): CWebApplication->processRequest()
#13 /var/www/mhtml/index.php(19): CApplication->run()
#14 {main}
REQUEST_URI=/index.php?r=map/getMapHouse
HTTP_REFERER=http://m.maplecity.com.cn/index.php?r=map/index
---
2016/04/22 02:52:39 [error] [exception.CDbException] exception 'CDbException' with message 'Active record "House" 正尝试选择一个无效的栏位 "count(id) id". 注意, 该栏位必须存在于 table 中或者是一个具别名的 expression.' in /var/www/mhtml/framework/db/ar/CActiveFinder.php:960
Stack trace:
#0 /var/www/mhtml/framework/db/ar/CActiveFinder.php(1261): CJoinElement->getColumnSelect('municipality,co...')
#1 /var/www/mhtml/framework/db/ar/CActiveFinder.php(433): CJoinQuery->__construct(Object(CJoinElement), Object(CDbCriteria))
#2 /var/www/mhtml/framework/db/ar/CActiveFinder.php(68): CJoinElement->find(Object(CDbCriteria))
#3 /var/www/mhtml/framework/yiilite.php(7817): CActiveFinder->query(Object(CDbCriteria), true)
#4 /var/www/mhtml/framework/yiilite.php(7881): CActiveRecord->query(Object(CDbCriteria), true)
#5 /var/www/mhtml/protected/controllers/MapController.php(179): CActiveRecord->findAll(Object(CDbCriteria))
#6 /var/www/mhtml/framework/yiilite.php(4058): MapController->actionGetMapHouse()
#7 /var/www/mhtml/framework/yiilite.php(3570): CInlineAction->runWithParams(Array)
#8 /var/www/mhtml/framework/yiilite.php(3555): CController->runAction(Object(CInlineAction))
#9 /var/www/mhtml/framework/yiilite.php(3545): CController->runActionWithFilters(Object(CInlineAction), Array)
#10 /var/www/mhtml/framework/yiilite.php(1746): CController->run('getMapHouse')
#11 /var/www/mhtml/framework/yiilite.php(1666): CWebApplication->runController('map/getMapHouse')
#12 /var/www/mhtml/framework/yiilite.php(1191): CWebApplication->processRequest()
#13 /var/www/mhtml/index.php(19): CApplication->run()
#14 {main}
REQUEST_URI=/index.php?r=map/getMapHouse
HTTP_REFERER=http://m.maplecity.com.cn/index.php?r=map/index
---
2016/04/22 02:52:40 [error] [exception.CDbException] exception 'CDbException' with message 'Active record "House" 正尝试选择一个无效的栏位 "count(id) id". 注意, 该栏位必须存在于 table 中或者是一个具别名的 expression.' in /var/www/mhtml/framework/db/ar/CActiveFinder.php:960
Stack trace:
#0 /var/www/mhtml/framework/db/ar/CActiveFinder.php(1261): CJoinElement->getColumnSelect('municipality,co...')
#1 /var/www/mhtml/framework/db/ar/CActiveFinder.php(433): CJoinQuery->__construct(Object(CJoinElement), Object(CDbCriteria))
#2 /var/www/mhtml/framework/db/ar/CActiveFinder.php(68): CJoinElement->find(Object(CDbCriteria))
#3 /var/www/mhtml/framework/yiilite.php(7817): CActiveFinder->query(Object(CDbCriteria), true)
#4 /var/www/mhtml/framework/yiilite.php(7881): CActiveRecord->query(Object(CDbCriteria), true)
#5 /var/www/mhtml/protected/controllers/MapController.php(179): CActiveRecord->findAll(Object(CDbCriteria))
#6 /var/www/mhtml/framework/yiilite.php(4058): MapController->actionGetMapHouse()
#7 /var/www/mhtml/framework/yiilite.php(3570): CInlineAction->runWithParams(Array)
#8 /var/www/mhtml/framework/yiilite.php(3555): CController->runAction(Object(CInlineAction))
#9 /var/www/mhtml/framework/yiilite.php(3545): CController->runActionWithFilters(Object(CInlineAction), Array)
#10 /var/www/mhtml/framework/yiilite.php(1746): CController->run('getMapHouse')
#11 /var/www/mhtml/framework/yiilite.php(1666): CWebApplication->runController('map/getMapHouse')
#12 /var/www/mhtml/framework/yiilite.php(1191): CWebApplication->processRequest()
#13 /var/www/mhtml/index.php(19): CApplication->run()
#14 {main}
REQUEST_URI=/index.php?r=map/getMapHouse
HTTP_REFERER=http://m.maplecity.com.cn/index.php?r=map/index
---
2016/04/22 02:52:58 [error] [exception.CDbException] exception 'CDbException' with message 'Active record "House" 正尝试选择一个无效的栏位 "count(id) id". 注意, 该栏位必须存在于 table 中或者是一个具别名的 expression.' in /var/www/mhtml/framework/db/ar/CActiveFinder.php:960
Stack trace:
#0 /var/www/mhtml/framework/db/ar/CActiveFinder.php(1261): CJoinElement->getColumnSelect('municipality,co...')
#1 /var/www/mhtml/framework/db/ar/CActiveFinder.php(433): CJoinQuery->__construct(Object(CJoinElement), Object(CDbCriteria))
#2 /var/www/mhtml/framework/db/ar/CActiveFinder.php(68): CJoinElement->find(Object(CDbCriteria))
#3 /var/www/mhtml/framework/yiilite.php(7817): CActiveFinder->query(Object(CDbCriteria), true)
#4 /var/www/mhtml/framework/yiilite.php(7881): CActiveRecord->query(Object(CDbCriteria), true)
#5 /var/www/mhtml/protected/controllers/MapController.php(179): CActiveRecord->findAll(Object(CDbCriteria))
#6 /var/www/mhtml/framework/yiilite.php(4058): MapController->actionGetMapHouse()
#7 /var/www/mhtml/framework/yiilite.php(3570): CInlineAction->runWithParams(Array)
#8 /var/www/mhtml/framework/yiilite.php(3555): CController->runAction(Object(CInlineAction))
#9 /var/www/mhtml/framework/yiilite.php(3545): CController->runActionWithFilters(Object(CInlineAction), Array)
#10 /var/www/mhtml/framework/yiilite.php(1746): CController->run('getMapHouse')
#11 /var/www/mhtml/framework/yiilite.php(1666): CWebApplication->runController('map/getMapHouse')
#12 /var/www/mhtml/framework/yiilite.php(1191): CWebApplication->processRequest()
#13 /var/www/mhtml/index.php(19): CApplication->run()
#14 {main}
REQUEST_URI=/index.php?r=map/getMapHouse
HTTP_REFERER=http://m.maplecity.com.cn/index.php?r=map/index
---
2016/04/22 02:54:48 [error] [exception.CDbException] exception 'CDbException' with message 'Active record "House" 正尝试选择一个无效的栏位 "count(id) id". 注意, 该栏位必须存在于 table 中或者是一个具别名的 expression.' in /var/www/mhtml/framework/db/ar/CActiveFinder.php:960
Stack trace:
#0 /var/www/mhtml/framework/db/ar/CActiveFinder.php(1261): CJoinElement->getColumnSelect('municipality,co...')
#1 /var/www/mhtml/framework/db/ar/CActiveFinder.php(433): CJoinQuery->__construct(Object(CJoinElement), Object(CDbCriteria))
#2 /var/www/mhtml/framework/db/ar/CActiveFinder.php(68): CJoinElement->find(Object(CDbCriteria))
#3 /var/www/mhtml/framework/yiilite.php(7817): CActiveFinder->query(Object(CDbCriteria), true)
#4 /var/www/mhtml/framework/yiilite.php(7881): CActiveRecord->query(Object(CDbCriteria), true)
#5 /var/www/mhtml/protected/controllers/MapController.php(179): CActiveRecord->findAll(Object(CDbCriteria))
#6 /var/www/mhtml/framework/yiilite.php(4058): MapController->actionGetMapHouse()
#7 /var/www/mhtml/framework/yiilite.php(3570): CInlineAction->runWithParams(Array)
#8 /var/www/mhtml/framework/yiilite.php(3555): CController->runAction(Object(CInlineAction))
#9 /var/www/mhtml/framework/yiilite.php(3545): CController->runActionWithFilters(Object(CInlineAction), Array)
#10 /var/www/mhtml/framework/yiilite.php(1746): CController->run('getMapHouse')
#11 /var/www/mhtml/framework/yiilite.php(1666): CWebApplication->runController('map/getMapHouse')
#12 /var/www/mhtml/framework/yiilite.php(1191): CWebApplication->processRequest()
#13 /var/www/mhtml/index.php(19): CApplication->run()
#14 {main}
REQUEST_URI=/index.php?r=map/getMapHouse
HTTP_REFERER=http://m.maplecity.com.cn/index.php?r=map/index
---
2016/04/22 03:00:51 [error] [exception.CDbException] exception 'CDbException' with message 'Active record "House" 正尝试选择一个无效的栏位 "count(id)  id". 注意, 该栏位必须存在于 table 中或者是一个具别名的 expression.' in /var/www/mhtml/framework/db/ar/CActiveFinder.php:960
Stack trace:
#0 /var/www/mhtml/framework/db/ar/CActiveFinder.php(1261): CJoinElement->getColumnSelect('municipality,co...')
#1 /var/www/mhtml/framework/db/ar/CActiveFinder.php(433): CJoinQuery->__construct(Object(CJoinElement), Object(CDbCriteria))
#2 /var/www/mhtml/framework/db/ar/CActiveFinder.php(68): CJoinElement->find(Object(CDbCriteria))
#3 /var/www/mhtml/framework/yiilite.php(7817): CActiveFinder->query(Object(CDbCriteria), true)
#4 /var/www/mhtml/framework/yiilite.php(7881): CActiveRecord->query(Object(CDbCriteria), true)
#5 /var/www/mhtml/protected/controllers/MapController.php(179): CActiveRecord->findAll(Object(CDbCriteria))
#6 /var/www/mhtml/framework/yiilite.php(4058): MapController->actionGetMapHouse()
#7 /var/www/mhtml/framework/yiilite.php(3570): CInlineAction->runWithParams(Array)
#8 /var/www/mhtml/framework/yiilite.php(3555): CController->runAction(Object(CInlineAction))
#9 /var/www/mhtml/framework/yiilite.php(3545): CController->runActionWithFilters(Object(CInlineAction), Array)
#10 /var/www/mhtml/framework/yiilite.php(1746): CController->run('getMapHouse')
#11 /var/www/mhtml/framework/yiilite.php(1666): CWebApplication->runController('map/getMapHouse')
#12 /var/www/mhtml/framework/yiilite.php(1191): CWebApplication->processRequest()
#13 /var/www/mhtml/index.php(19): CApplication->run()
#14 {main}
REQUEST_URI=/index.php?r=map/getMapHouse
HTTP_REFERER=http://m.maplecity.com.cn/index.php?r=map/index
---
